<?xml version="1.0" encoding="UTF-8"?>
<testng-results ignored="0" total="1" passed="1" failed="0" skipped="0">
  <reporter-output>
  </reporter-output>
  <suite started-at="2024-10-26T01:17:37 IST" name="Default suite" finished-at="2024-10-26T01:18:05 IST" duration-ms="27972">
    <groups>
    </groups>
    <test started-at="2024-10-26T01:17:37 IST" name="Default test" finished-at="2024-10-26T01:18:05 IST" duration-ms="27972">
      <class name="com.testcase.NewLogin">
        <test-method is-config="true" signature="setup()[pri:0, instance:com.testcase.NewLogin@27f981c6]" started-at="2024-10-26T01:17:37 IST" name="setup" finished-at="2024-10-26T01:17:59 IST" duration-ms="21742" status="PASS">
          <reporter-output>
          </reporter-output>
        </test-method> <!-- setup -->
        <test-method signature="Log_in()[pri:0, instance:com.testcase.NewLogin@27f981c6]" started-at="2024-10-26T01:17:59 IST" name="Log_in" finished-at="2024-10-26T01:18:03 IST" duration-ms="3724" status="PASS">
          <reporter-output>
          </reporter-output>
        </test-method> <!-- Log_in -->
        <test-method is-config="true" signature="teardown()[pri:0, instance:com.testcase.NewLogin@27f981c6]" started-at="2024-10-26T01:18:03 IST" name="teardown" finished-at="2024-10-26T01:18:05 IST" duration-ms="2449" status="PASS">
          <reporter-output>
          </reporter-output>
        </test-method> <!-- teardown -->
      </class> <!-- com.testcase.NewLogin -->
    </test> <!-- Default test -->
  </suite> <!-- Default suite -->
</testng-results>
